<?xml version="1.0" encoding="UTF-8"?>
<testsuite xmlns:xsi="http://www.w3.org/2001/XMLSchema-instance" xsi:noNamespaceSchemaLocation="https://maven.apache.org/surefire/maven-surefire-plugin/xsd/surefire-test-report-3.0.xsd" version="3.0" name="com.abccompany.Business.BusinessDirectoryApplicationTests" time="3.669" tests="1" errors="0" skipped="0" failures="0">
  <properties>
[...]
</properties>
  <testcase name="contextLoads" classname="com.abccompany.Business.BusinessDirectoryApplicationTests" time="1.086">
    <system-out><![CDATA[20:44:02.706 [main] INFO org.springframework.test.context.support.AnnotationConfigContextLoaderUtils -- Could not detect default configuration classes for test class [com.abccompany.Business.BusinessDirectoryApplicationTests]: BusinessDirectoryApplicationTests does not declare any static, non-private, non-final, nested classes annotated with @Configuration.
20:44:02.851 [main] INFO org.springframework.boot.test.context.SpringBootTestContextBootstrapper -- Found @SpringBootConfiguration com.abccompany.Business.BusinessDirectoryApplication for test class com.abccompany.Business.BusinessDirectoryApplicationTests

  .   ____          _            __ _ _
 /\\ / ___'_ __ _ _(_)_ __  __ _ \ \ \ \
( ( )\___ | '_ | '_| | '_ \/ _` | \ \ \ \
 \\/  ___)| |_)| | | | | || (_| |  ) ) ) )
  '  |____| .__|_| |_|_| |_\__, | / / / /
 =========|_|==============|___/=/_/_/_/
 :: Spring Boot ::                (v3.1.0)

2023-05-20T20:44:03.398+05:30  INFO 4264 --- [           main] c.a.B.BusinessDirectoryApplicationTests  : Starting BusinessDirectoryApplicationTests using Java 19 with PID 4264 (started by milin in C:\Users\milin\Desktop\BIlling\Business_save_data_SB_Test\Business_Data_save_test)
2023-05-20T20:44:03.400+05:30  INFO 4264 --- [           main] c.a.B.BusinessDirectoryApplicationTests  : No active profile set, falling back to 1 default profile: "default"
2023-05-20T20:44:04.920+05:30  WARN 4264 --- [           main] ion$DefaultTemplateResolverConfiguration : Cannot find template location: classpath:/templates/ (please add some templates, check your Thymeleaf configuration, or set spring.thymeleaf.check-template-location=false)
2023-05-20T20:44:04.978+05:30  INFO 4264 --- [           main] c.a.B.BusinessDirectoryApplicationTests  : Started BusinessDirectoryApplicationTests in 1.903 seconds (process running for 3.362)
]]></system-out>
  </testcase>
</testsuite>